{
  "RSpec": {
    "coverage": {
      "/Users/kevin/projects/lights_and_sounds_alarm/app/helpers/application_helper.rb": [
        1,
        null
      ],
      "/Users/kevin/projects/lights_and_sounds_alarm/app/helpers/groups_helper.rb": [
        1,
        null
      ],
      "/Users/kevin/projects/lights_and_sounds_alarm/app/helpers/tasks_helper.rb": [
        1,
        null,
        null
      ],
      "/Users/kevin/projects/lights_and_sounds_alarm/app/models/task.rb": [
        1,
        1,
        null,
        null,
        1,
        null,
        null,
        null,
        null,
        null,
        null,
        null,
        null,
        1,
        1,
        1,
        7,
        null,
        null,
        1,
        null,
        null,
        1,
        1,
        null,
        null,
        1,
        1,
        1,
        1,
        1,
        null,
        1,
        null,
        null,
        null
      ],
      "/Users/kevin/projects/lights_and_sounds_alarm/app/models/application_record.rb": [
        1,
        1,
        null
      ],
      "/Users/kevin/projects/lights_and_sounds_alarm/app/models/light_group.rb": [
        1,
        1,
        null,
        1,
        4,
        null,
        null,
        1,
        2,
        12,
        6,
        null,
        null,
        null,
        null,
        1,
        2,
        null,
        null,
        1,
        0,
        null,
        null,
        1,
        null,
        1,
        2,
        null,
        null,
        null,
        1,
        1
      ],
      "/Users/kevin/projects/lights_and_sounds_alarm/app/controllers/application_controller.rb": [
        1,
        null
      ],
      "/Users/kevin/projects/lights_and_sounds_alarm/app/controllers/groups_controller.rb": [
        1,
        null,
        1,
        1,
        null,
        null,
        1,
        2,
        null,
        null,
        null
      ],
      "/Users/kevin/projects/lights_and_sounds_alarm/app/controllers/tasks_controller.rb": [
        1,
        null,
        1,
        1,
        1,
        1,
        null,
        null,
        1,
        1,
        1,
        null,
        null,
        1,
        1,
        1,
        1,
        1,
        null,
        null,
        null,
        null,
        null,
        null,
        null,
        null,
        1,
        1,
        null,
        null,
        1,
        0,
        0,
        0,
        0,
        0,
        null,
        null,
        1,
        null,
        1,
        1,
        1,
        10,
        null,
        null,
        1,
        null,
        null
      ],
      "/Users/kevin/projects/lights_and_sounds_alarm/app/models/task_executor.rb": [
        0,
        0,
        0,
        0,
        0,
        null,
        0,
        0,
        0,
        null,
        0,
        0,
        0,
        0,
        0,
        null,
        0,
        0,
        0
      ],
      "/Users/kevin/projects/lights_and_sounds_alarm/app/models/task_scheduler.rb": [
        0,
        null,
        0,
        0,
        0,
        0,
        0,
        null,
        0,
        0,
        null,
        0,
        0,
        0,
        null,
        0,
        0,
        0,
        0
      ],
      "/Users/kevin/projects/lights_and_sounds_alarm/app/helpers/hue_helpers.rb": [
        null,
        null,
        0,
        0,
        0,
        null,
        0,
        0,
        0
      ]
    },
    "timestamp": 1574016649
  }
}
