{
  "RSpec": {
    "coverage": {
      "/Users/kevin/projects/lights_and_sounds_alarm/app/models/light_group.rb": [
        1,
        1,
        null,
        1,
        19,
        null,
        null,
        1,
        9,
        50,
        1,
        null,
        null,
        null,
        null,
        1,
        11,
        null,
        null,
        1,
        2,
        null,
        null,
        1,
        null,
        1,
        13,
        null,
        null
      ],
      "/Users/kevin/projects/lights_and_sounds_alarm/app/models/application_record.rb": [
        1,
        1,
        null
      ],
      "/Users/kevin/projects/lights_and_sounds_alarm/app/helpers/application_helper.rb": [
        1,
        null
      ],
      "/Users/kevin/projects/lights_and_sounds_alarm/app/helpers/groups_helper.rb": [
        1,
        null
      ],
      "/Users/kevin/projects/lights_and_sounds_alarm/app/helpers/tasks_helper.rb": [
        1,
        null,
        null
      ],
      "/Users/kevin/projects/lights_and_sounds_alarm/app/controllers/groups_controller.rb": [
        1,
        null,
        1,
        8,
        null,
        null,
        1,
        10,
        null,
        null,
        null
      ],
      "/Users/kevin/projects/lights_and_sounds_alarm/app/controllers/application_controller.rb": [
        1,
        null
      ],
      "/Users/kevin/projects/lights_and_sounds_alarm/app/controllers/tasks_controller.rb": [
        1,
        null,
        1,
        3,
        3,
        3,
        null,
        null,
        1,
        5,
        5,
        null,
        null,
        1,
        3,
        null,
        null,
        null,
        null,
        null,
        null,
        3,
        3,
        null,
        null,
        1,
        1,
        1,
        1,
        1,
        1,
        null,
        null,
        1,
        null,
        1,
        3,
        3,
        24,
        null,
        null,
        3,
        null,
        null
      ],
      "/Users/kevin/projects/lights_and_sounds_alarm/app/models/task_executor.rb": [
        1,
        null,
        1,
        null,
        null,
        null,
        1,
        1,
        null,
        null,
        1,
        4,
        4,
        4,
        4,
        null,
        1,
        null,
        null
      ],
      "/Users/kevin/projects/lights_and_sounds_alarm/app/models/task_scheduler.rb": [
        1,
        null,
        1,
        0,
        0,
        null,
        null,
        null,
        1,
        3,
        null,
        3,
        9,
        3,
        null,
        3,
        null,
        null,
        null
      ],
      "/Users/kevin/projects/lights_and_sounds_alarm/app/models/task.rb": [
        1,
        1,
        null,
        null,
        1,
        null,
        null,
        null,
        null,
        null,
        null,
        null,
        null,
        1,
        14,
        14,
        98,
        null,
        null,
        14,
        null,
        null,
        1,
        5,
        null,
        null,
        null
      ],
      "/Users/kevin/projects/lights_and_sounds_alarm/app/helpers/hue_helpers.rb": [
        null,
        null,
        0,
        0,
        0,
        null,
        0,
        0,
        0
      ]
    },
    "timestamp": 1574013723
  }
}
